Path to Cutadapt set as: 'cutadapt' (default)
Cutadapt seems to be working fine (tested command 'cutadapt --version')
Cutadapt version: 3.5
Cutadapt seems to be using Python 3! Proceeding with multi-core enabled Cutadapt using 2 cores
pigz 2.7
Parallel gzip (pigz) detected. Proceeding with multicore (de)compression using 2 cores

No quality encoding type selected. Assuming that the data provided uses Sanger encoded Phred scores (default)

Output will be written into the directory: /scale_wlg_persistent/filesets/project/nesi99991/snakemake20220512/lkemp/snakemake_workshop/demo_workflow/results/trimmed/


AUTO-DETECTING ADAPTER TYPE
===========================
Attempting to auto-detect adapter type from the first 1 million sequences of the first file (>> ../../data/NA24695_1.fastq.gz <<)

Found perfect matches for the following adapter sequences:
Adapter type	Count	Sequence	Sequences analysed	Percentage
Illumina	225	AGATCGGAAGAGC	23746	0.95
Nextera	16	CTGTCTCTTATA	23746	0.07
smallRNA	0	TGGAATTCTCGG	23746	0.00
Using Illumina adapter for trimming (count: 225). Second best hit was Nextera (count: 16)

Writing report to '/scale_wlg_persistent/filesets/project/nesi99991/snakemake20220512/lkemp/snakemake_workshop/demo_workflow/results/trimmed/NA24695_1.fastq.gz_trimming_report.txt'

SUMMARISING RUN PARAMETERS
==========================
Input filename: ../../data/NA24695_1.fastq.gz
Trimming mode: paired-end
Trim Galore version: 0.6.7
Cutadapt version: 3.5
Python version: 3.8.2
Number of cores used for trimming: 2
Quality Phred score cutoff: 20
Quality encoding type selected: ASCII+33
Adapter sequence: 'AGATCGGAAGAGC' (Illumina TruSeq, Sanger iPCR; auto-detected)
Maximum trimming error rate: 0.1 (default)
Minimum required adapter overlap (stringency): 1 bp
Minimum required sequence length for both reads before a sequence pair gets removed: 20 bp
Output file(s) will be GZIP compressed

Cutadapt seems to be fairly up-to-date (version 3.5). Setting -j 2
Writing final adapter and quality trimmed output to NA24695_1_trimmed.fq.gz


  >>> Now performing quality (cutoff '-q 20') and adapter trimming in a single pass for the adapter sequence: 'AGATCGGAAGAGC' from file ../../data/NA24695_1.fastq.gz <<< 
This is cutadapt 3.5 with Python 3.8.2
Command line parameters: -j 2 -e 0.1 -q 20 -O 1 -a AGATCGGAAGAGC ../../data/NA24695_1.fastq.gz
Processing reads on 2 cores in single-end mode ...
Finished in 0.59 s (25 µs/read; 2.41 M reads/minute).

=== Summary ===

Total reads processed:                  23,746
Reads with adapters:                     6,884 (29.0%)
Reads written (passing filters):        23,746 (100.0%)

Total basepairs processed:     2,754,490 bp
Quality-trimmed:                  20,845 bp (0.8%)
Total written (filtered):      2,714,700 bp (98.6%)

=== Adapter 1 ===

Sequence: AGATCGGAAGAGC; Type: regular 3'; Length: 13; Trimmed: 6884 times

Minimum overlap: 1
No. of allowed errors:
1-9 bp: 0; 10-13 bp: 1

Bases preceding removed adapters:
  A: 31.1%
  C: 28.4%
  G: 20.8%
  T: 19.4%
  none/other: 0.3%

Overview of removed sequences
length	count	expect	max.err	error counts
1	4241	5936.5	0	4241
2	1797	1484.1	0	1797
3	413	371.0	0	413
4	96	92.8	0	96
5	46	23.2	0	46
6	7	5.8	0	7
7	5	1.4	0	5
8	7	0.4	0	7
9	13	0.1	0	10 3
10	5	0.0	1	5
11	5	0.0	1	5
12	14	0.0	1	14
13	6	0.0	1	6
14	4	0.0	1	4
15	11	0.0	1	11
16	6	0.0	1	6
17	9	0.0	1	9
18	5	0.0	1	5
19	6	0.0	1	6
20	7	0.0	1	7
21	6	0.0	1	5 1
22	8	0.0	1	8
23	10	0.0	1	10
24	5	0.0	1	5
25	8	0.0	1	8
26	4	0.0	1	4
27	7	0.0	1	6 1
28	12	0.0	1	12
29	5	0.0	1	5
30	7	0.0	1	7
31	2	0.0	1	2
32	4	0.0	1	4
33	4	0.0	1	4
34	4	0.0	1	4
35	4	0.0	1	4
36	7	0.0	1	7
37	3	0.0	1	3
38	2	0.0	1	2
39	4	0.0	1	4
40	1	0.0	1	1
41	2	0.0	1	2
42	4	0.0	1	4
43	3	0.0	1	3
44	2	0.0	1	2
45	2	0.0	1	2
46	6	0.0	1	6
47	2	0.0	1	2
48	2	0.0	1	1 1
49	1	0.0	1	0 1
50	2	0.0	1	2
51	3	0.0	1	3
52	6	0.0	1	6
53	3	0.0	1	3
54	3	0.0	1	3
56	5	0.0	1	5
59	1	0.0	1	1
60	1	0.0	1	1
61	1	0.0	1	1
63	2	0.0	1	2
64	1	0.0	1	1
73	1	0.0	1	1
74	1	0.0	1	1
75	1	0.0	1	0 1
76	2	0.0	1	1 1
77	2	0.0	1	2
78	1	0.0	1	0 1
79	1	0.0	1	0 1
80	1	0.0	1	0 1
82	1	0.0	1	1
93	1	0.0	1	1
114	1	0.0	1	1
117	1	0.0	1	1
121	1	0.0	1	0 1
123	1	0.0	1	1
125	6	0.0	1	5 1

RUN STATISTICS FOR INPUT FILE: ../../data/NA24695_1.fastq.gz
=============================================
23746 sequences processed in total
The length threshold of paired-end sequences gets evaluated later on (in the validation step)

Writing report to '/scale_wlg_persistent/filesets/project/nesi99991/snakemake20220512/lkemp/snakemake_workshop/demo_workflow/results/trimmed/NA24695_2.fastq.gz_trimming_report.txt'

SUMMARISING RUN PARAMETERS
==========================
Input filename: ../../data/NA24695_2.fastq.gz
Trimming mode: paired-end
Trim Galore version: 0.6.7
Cutadapt version: 3.5
Python version: 3.8.2
Number of cores used for trimming: 2
Quality Phred score cutoff: 20
Quality encoding type selected: ASCII+33
Adapter sequence: 'AGATCGGAAGAGC' (Illumina TruSeq, Sanger iPCR; auto-detected)
Maximum trimming error rate: 0.1 (default)
Minimum required adapter overlap (stringency): 1 bp
Minimum required sequence length for both reads before a sequence pair gets removed: 20 bp
Output file(s) will be GZIP compressed

Cutadapt seems to be fairly up-to-date (version 3.5). Setting -j -j 2
Writing final adapter and quality trimmed output to NA24695_2_trimmed.fq.gz


  >>> Now performing quality (cutoff '-q 20') and adapter trimming in a single pass for the adapter sequence: 'AGATCGGAAGAGC' from file ../../data/NA24695_2.fastq.gz <<< 
This is cutadapt 3.5 with Python 3.8.2
Command line parameters: -j 2 -e 0.1 -q 20 -O 1 -a AGATCGGAAGAGC ../../data/NA24695_2.fastq.gz
Processing reads on 2 cores in single-end mode ...
Finished in 0.59 s (25 µs/read; 2.40 M reads/minute).

=== Summary ===

Total reads processed:                  23,746
Reads with adapters:                     7,342 (30.9%)
Reads written (passing filters):        23,746 (100.0%)

Total basepairs processed:     2,760,553 bp
Quality-trimmed:                  32,310 bp (1.2%)
Total written (filtered):      2,706,097 bp (98.0%)

=== Adapter 1 ===

Sequence: AGATCGGAAGAGC; Type: regular 3'; Length: 13; Trimmed: 7342 times

Minimum overlap: 1
No. of allowed errors:
1-9 bp: 0; 10-13 bp: 1

Bases preceding removed adapters:
  A: 32.5%
  C: 28.6%
  G: 20.1%
  T: 18.6%
  none/other: 0.3%

Overview of removed sequences
length	count	expect	max.err	error counts
1	4541	5936.5	0	4541
2	1853	1484.1	0	1853
3	396	371.0	0	396
4	101	92.8	0	101
5	23	23.2	0	23
6	16	5.8	0	16
7	21	1.4	0	21
8	11	0.4	0	11
9	13	0.1	0	13
10	20	0.0	1	16 4
11	12	0.0	1	11 1
12	19	0.0	1	19
13	11	0.0	1	11
14	12	0.0	1	11 1
15	7	0.0	1	7
16	11	0.0	1	11
17	19	0.0	1	18 1
18	6	0.0	1	5 1
19	7	0.0	1	6 1
20	4	0.0	1	4
21	6	0.0	1	6
22	7	0.0	1	7
23	11	0.0	1	10 1
24	15	0.0	1	15
25	3	0.0	1	3
26	5	0.0	1	5
27	9	0.0	1	9
28	8	0.0	1	8
29	2	0.0	1	2
30	12	0.0	1	12
31	6	0.0	1	6
32	6	0.0	1	6
33	9	0.0	1	8 1
34	4	0.0	1	4
35	7	0.0	1	7
36	4	0.0	1	4
37	5	0.0	1	5
38	8	0.0	1	8
39	3	0.0	1	3
40	4	0.0	1	4
41	4	0.0	1	4
42	11	0.0	1	10 1
43	1	0.0	1	1
44	2	0.0	1	2
45	12	0.0	1	12
46	3	0.0	1	3
47	1	0.0	1	1
48	8	0.0	1	8
50	2	0.0	1	2
51	5	0.0	1	5
52	5	0.0	1	5
53	3	0.0	1	3
54	3	0.0	1	2 1
55	2	0.0	1	2
56	4	0.0	1	4
57	1	0.0	1	0 1
60	2	0.0	1	2
61	1	0.0	1	1
62	3	0.0	1	3
63	1	0.0	1	1
64	1	0.0	1	1
66	4	0.0	1	4
67	2	0.0	1	2
68	5	0.0	1	3 2
69	5	0.0	1	2 3
70	2	0.0	1	2
71	2	0.0	1	2
72	2	0.0	1	1 1
73	2	0.0	1	1 1
78	1	0.0	1	1
80	1	0.0	1	1
124	1	0.0	1	0 1
125	3	0.0	1	3

RUN STATISTICS FOR INPUT FILE: ../../data/NA24695_2.fastq.gz
=============================================
23746 sequences processed in total
The length threshold of paired-end sequences gets evaluated later on (in the validation step)

Validate paired-end files NA24695_1_trimmed.fq.gz and NA24695_2_trimmed.fq.gz
file_1: NA24695_1_trimmed.fq.gz, file_2: NA24695_2_trimmed.fq.gz


>>>>> Now validing the length of the 2 paired-end infiles: NA24695_1_trimmed.fq.gz and NA24695_2_trimmed.fq.gz <<<<<
Writing validated paired-end Read 1 reads to NA24695_1_val_1.fq.gz
Writing validated paired-end Read 2 reads to NA24695_2_val_2.fq.gz

Total number of sequences analysed: 23746

Number of sequence pairs removed because at least one read was shorter than the length cutoff (20 bp): 84 (0.35%)

Deleting both intermediate output files NA24695_1_trimmed.fq.gz and NA24695_2_trimmed.fq.gz

====================================================================================================

