Building DAG of jobs...
Creating conda environment envs/multiqc.yaml...
Downloading and installing remote packages.
Environment for envs/multiqc.yaml created (location: .snakemake/conda/5bf4eb32)
Creating conda environment envs/trim_galore.yaml...
Downloading and installing remote packages.
Environment for envs/trim_galore.yaml created (location: .snakemake/conda/3e340310)
Creating conda environment envs/fastqc.yaml...
Downloading and installing remote packages.
Environment for envs/fastqc.yaml created (location: .snakemake/conda/9e90baeb)
Creating conda environment envs/bwa.yaml...
Downloading and installing remote packages.
Environment for envs/bwa.yaml created (location: .snakemake/conda/674b58b0)
Using shell: /bin/bash
Provided cores: 32
Rules claiming more threads will be scaled down.
Job counts:
	count	jobs
	1	all
	3	bwa
	3	fastqc
	1	multiqc
	3	trim_galore
	11

[Fri Nov 27 00:23:20 2020]
Job 10: Trimming using these parameter: --paired. Writing logs to logs/trim_galore/NA24695.log. Using 8 threads.


[Fri Nov 27 00:23:20 2020]
Job 3: Undertaking quality control checks ../../data/NA24631_1.fastq.gz ../../data/NA24631_2.fastq.gz


[Fri Nov 27 00:23:20 2020]
Job 2: Undertaking quality control checks ../../data/NA24694_1.fastq.gz ../../data/NA24694_2.fastq.gz


[Fri Nov 27 00:23:20 2020]
Job 4: Undertaking quality control checks ../../data/NA24695_1.fastq.gz ../../data/NA24695_2.fastq.gz

Activating conda environment: /home/lkemp/RezBaz2020_snakemake_workshop/leveled_up_demo_workflow/workflow/.snakemake/conda/9e90baeb
Activating conda environment: /home/lkemp/RezBaz2020_snakemake_workshop/leveled_up_demo_workflow/workflow/.snakemake/conda/9e90baeb
Activating conda environment: /home/lkemp/RezBaz2020_snakemake_workshop/leveled_up_demo_workflow/workflow/.snakemake/conda/3e340310
Activating conda environment: /home/lkemp/RezBaz2020_snakemake_workshop/leveled_up_demo_workflow/workflow/.snakemake/conda/9e90baeb
[Fri Nov 27 00:23:27 2020]
Finished job 10.
1 of 11 steps (9%) done

[Fri Nov 27 00:23:27 2020]
Job 9: Mapping sequences against /store/lkemp/publicData/b37/human_g1k_v37_decoy.fasta

[Fri Nov 27 00:23:28 2020]
Finished job 4.
2 of 11 steps (18%) done
[Fri Nov 27 00:23:28 2020]
Finished job 2.
3 of 11 steps (27%) done
[Fri Nov 27 00:23:30 2020]
Finished job 3.
4 of 11 steps (36%) done

[Fri Nov 27 00:23:30 2020]
Job 6: Trimming using these parameter: --paired. Writing logs to logs/trim_galore/NA24694.log. Using 8 threads.


[Fri Nov 27 00:23:30 2020]
Job 8: Trimming using these parameter: --paired. Writing logs to logs/trim_galore/NA24631.log. Using 8 threads.


[Fri Nov 27 00:23:30 2020]
Job 1: Compiling a HTML report for quality control checks. Writing to ../results/multiqc_report.html.

Activating conda environment: /home/lkemp/RezBaz2020_snakemake_workshop/leveled_up_demo_workflow/workflow/.snakemake/conda/674b58b0
Activating conda environment: /home/lkemp/RezBaz2020_snakemake_workshop/leveled_up_demo_workflow/workflow/.snakemake/conda/5bf4eb32
Activating conda environment: /home/lkemp/RezBaz2020_snakemake_workshop/leveled_up_demo_workflow/workflow/.snakemake/conda/3e340310
Activating conda environment: /home/lkemp/RezBaz2020_snakemake_workshop/leveled_up_demo_workflow/workflow/.snakemake/conda/3e340310
[Fri Nov 27 00:23:36 2020]
Finished job 6.
5 of 11 steps (45%) done
[Fri Nov 27 00:23:36 2020]
Finished job 8.
6 of 11 steps (55%) done

[Fri Nov 27 00:23:36 2020]
Job 5: Mapping sequences against /store/lkemp/publicData/b37/human_g1k_v37_decoy.fasta


[Fri Nov 27 00:23:36 2020]
Job 7: Mapping sequences against /store/lkemp/publicData/b37/human_g1k_v37_decoy.fasta

[Fri Nov 27 00:23:37 2020]
Finished job 1.
7 of 11 steps (64%) done
Activating conda environment: /home/lkemp/RezBaz2020_snakemake_workshop/leveled_up_demo_workflow/workflow/.snakemake/conda/674b58b0
Activating conda environment: /home/lkemp/RezBaz2020_snakemake_workshop/leveled_up_demo_workflow/workflow/.snakemake/conda/674b58b0
Removing temporary output file ../results/trimmed/NA24695_2_val_2.fq.gz.
Removing temporary output file ../results/trimmed/NA24695_1_val_1.fq.gz.
[Fri Nov 27 00:23:40 2020]
Finished job 9.
8 of 11 steps (73%) done
Removing temporary output file ../results/trimmed/NA24694_1_val_1.fq.gz.
Removing temporary output file ../results/trimmed/NA24694_2_val_2.fq.gz.
[Fri Nov 27 00:23:48 2020]
Finished job 5.
9 of 11 steps (82%) done
Removing temporary output file ../results/trimmed/NA24631_2_val_2.fq.gz.
Removing temporary output file ../results/trimmed/NA24631_1_val_1.fq.gz.
[Fri Nov 27 00:23:50 2020]
Finished job 7.
10 of 11 steps (91%) done

[Fri Nov 27 00:23:50 2020]
localrule all:
    input: ../results/multiqc_report.html, ../results/mapped/NA24694.bam, ../results/mapped/NA24631.bam, ../results/mapped/NA24695.bam
    jobid: 0

[Fri Nov 27 00:23:50 2020]
Finished job 0.
11 of 11 steps (100%) done
Complete log: /home/lkemp/RezBaz2020_snakemake_workshop/leveled_up_demo_workflow/workflow/.snakemake/log/2020-11-27T002001.958608.snakemake.log
