Building DAG of jobs...
Using shell: /usr/bin/bash
Provided cluster nodes: 20
Job stats:
job            count    min threads    max threads
-----------  -------  -------------  -------------
all                1              1              1
fastqc             3              2              2
multiqc            1              1              1
trim_galore        3              2              2
total              8              1              2

Select jobs to execute...

[Wed May 11 14:18:55 2022]
Job 4: Undertaking quality control checks ../../data/NA24694_1.fastq.gz ../../data/NA24694_2.fastq.gz

Submitted job 4 with external jobid '26764961'.

[Wed May 11 14:18:55 2022]
Job 6: Trimming using these parameter: --paired. Writing logs to logs/trim_galore/NA24695.log. Using 2 threads.

Submitted job 6 with external jobid '26764962'.

[Wed May 11 14:18:55 2022]
Job 2: Undertaking quality control checks ../../data/NA24631_1.fastq.gz ../../data/NA24631_2.fastq.gz

Submitted job 2 with external jobid '26764963'.

[Wed May 11 14:18:55 2022]
Job 3: Undertaking quality control checks ../../data/NA24695_1.fastq.gz ../../data/NA24695_2.fastq.gz

Submitted job 3 with external jobid '26764964'.

[Wed May 11 14:18:55 2022]
Job 5: Trimming using these parameter: --paired. Writing logs to logs/trim_galore/NA24631.log. Using 2 threads.

Submitted job 5 with external jobid '26764965'.

[Wed May 11 14:18:55 2022]
Job 7: Trimming using these parameter: --paired. Writing logs to logs/trim_galore/NA24694.log. Using 2 threads.

Submitted job 7 with external jobid '26764966'.
[Wed May 11 14:19:49 2022]
Finished job 4.
1 of 8 steps (12%) done
Removing temporary output ../results/fastqc/NA24694_1_fastqc.html.
Removing temporary output ../results/fastqc/NA24694_2_fastqc.html.
[Wed May 11 14:19:49 2022]
Finished job 6.
2 of 8 steps (25%) done
[Wed May 11 14:19:49 2022]
Finished job 2.
3 of 8 steps (38%) done
Removing temporary output ../results/fastqc/NA24631_1_fastqc.html.
Removing temporary output ../results/fastqc/NA24631_2_fastqc.html.
[Wed May 11 14:19:50 2022]
Finished job 3.
4 of 8 steps (50%) done
Removing temporary output ../results/fastqc/NA24695_1_fastqc.html.
Removing temporary output ../results/fastqc/NA24695_2_fastqc.html.
Select jobs to execute...

[Wed May 11 14:19:50 2022]
Job 1: Compiling a HTML report for quality control checks. Writing to ../results/multiqc_report.html.

Submitted job 1 with external jobid '26764973'.
[Wed May 11 14:19:50 2022]
Finished job 5.
5 of 8 steps (62%) done
[Wed May 11 14:19:50 2022]
Finished job 7.
6 of 8 steps (75%) done
[Wed May 11 14:21:01 2022]
Finished job 1.
7 of 8 steps (88%) done
Select jobs to execute...

[Wed May 11 14:21:01 2022]
localrule all:
    input: ../results/multiqc_report.html, ../results/trimmed/NA24631_1_val_1.fq.gz, ../results/trimmed/NA24695_1_val_1.fq.gz, ../results/trimmed/NA24694_1_val_1.fq.gz, ../results/trimmed/NA24631_2_val_2.fq.gz, ../results/trimmed/NA24695_2_val_2.fq.gz, ../results/trimmed/NA24694_2_val_2.fq.gz
    jobid: 0
    resources: mem_mb=512, disk_mb=1000, tmpdir=/dev/shm/jobs/26763281, cpus=2, time_min=10

[Wed May 11 14:21:01 2022]
Finished job 0.
8 of 8 steps (100%) done
Complete log: .snakemake/log/2022-05-11T141854.736092.snakemake.log
