[2022-05-11 14:20:42,237] multiqc                                            [DEBUG  ]  No MultiQC config found: /scale_wlg_persistent/filesets/opt_nesi/CS400_centos7_bdw/MultiQC/1.9-gimkl-2020a-Python-3.8.2/lib/python3.8/site-packages/multiqc_config.yaml
[2022-05-11 14:20:42,237] multiqc                                            [DEBUG  ]  No MultiQC config found: /home/lkemp/.multiqc_config.yaml
[2022-05-11 14:20:42,237] multiqc                                            [DEBUG  ]  No MultiQC config found: multiqc_config.yaml
[2022-05-11 14:20:42,237] multiqc                                            [DEBUG  ]  Command used: /opt/nesi/CS400_centos7_bdw/MultiQC/1.9-gimkl-2020a-Python-3.8.2/bin/multiqc ../results/fastqc/NA24631_1_fastqc.zip ../results/fastqc/NA24695_1_fastqc.zip ../results/fastqc/NA24694_1_fastqc.zip ../results/fastqc/NA24631_2_fastqc.zip ../results/fastqc/NA24695_2_fastqc.zip ../results/fastqc/NA24694_2_fastqc.zip -o ../results/ --flat
[2022-05-11 14:20:44,678] multiqc                                            [WARNING]  MultiQC Version v1.12 now available!
[2022-05-11 14:20:44,678] multiqc                                            [INFO   ]  This is MultiQC v1.9
[2022-05-11 14:20:44,678] multiqc                                            [DEBUG  ]  Command     : /opt/nesi/CS400_centos7_bdw/MultiQC/1.9-gimkl-2020a-Python-3.8.2/bin/multiqc ../results/fastqc/NA24631_1_fastqc.zip ../results/fastqc/NA24695_1_fastqc.zip ../results/fastqc/NA24694_1_fastqc.zip ../results/fastqc/NA24631_2_fastqc.zip ../results/fastqc/NA24695_2_fastqc.zip ../results/fastqc/NA24694_2_fastqc.zip -o ../results/ --flat
[2022-05-11 14:20:44,678] multiqc                                            [DEBUG  ]  Working dir : /scale_wlg_persistent/filesets/project/nesi99991/snakemake20220512/lkemp/snakemake_workshop/demo_workflow/workflow
[2022-05-11 14:20:44,678] multiqc                                            [INFO   ]  Template    : default
[2022-05-11 14:20:44,678] multiqc                                            [DEBUG  ]  Running Python 3.8.2 (default, Mar  2 2020, 11:59:56)  [GCC 9.2.0]
[2022-05-11 14:20:44,678] multiqc                                            [INFO   ]  Searching   : /scale_wlg_persistent/filesets/project/nesi99991/snakemake20220512/lkemp/snakemake_workshop/demo_workflow/results/fastqc/NA24631_1_fastqc.zip
[2022-05-11 14:20:44,678] multiqc                                            [INFO   ]  Searching   : /scale_wlg_persistent/filesets/project/nesi99991/snakemake20220512/lkemp/snakemake_workshop/demo_workflow/results/fastqc/NA24695_1_fastqc.zip
[2022-05-11 14:20:44,678] multiqc                                            [INFO   ]  Searching   : /scale_wlg_persistent/filesets/project/nesi99991/snakemake20220512/lkemp/snakemake_workshop/demo_workflow/results/fastqc/NA24694_1_fastqc.zip
[2022-05-11 14:20:44,678] multiqc                                            [INFO   ]  Searching   : /scale_wlg_persistent/filesets/project/nesi99991/snakemake20220512/lkemp/snakemake_workshop/demo_workflow/results/fastqc/NA24631_2_fastqc.zip
[2022-05-11 14:20:44,679] multiqc                                            [INFO   ]  Searching   : /scale_wlg_persistent/filesets/project/nesi99991/snakemake20220512/lkemp/snakemake_workshop/demo_workflow/results/fastqc/NA24695_2_fastqc.zip
[2022-05-11 14:20:44,679] multiqc                                            [INFO   ]  Searching   : /scale_wlg_persistent/filesets/project/nesi99991/snakemake20220512/lkemp/snakemake_workshop/demo_workflow/results/fastqc/NA24694_2_fastqc.zip
[2022-05-11 14:20:44,679] multiqc                                            [DEBUG  ]  Analysing modules: custom_content, conpair, peddy, somalier, methylQA, mosdepth, phantompeakqualtools, qualimap, preseq, quast, qorts, rna_seqc, rockhopper, rsem, rseqc, busco, goleft_indexcov, disambiguate, supernova, deeptools, sargasso, verifybamid, mirtrace, happy, mirtop, homer, macs2, theta2, snpeff, gatk, htseq, bcftools, featureCounts, fgbio, dragen, dedup, damageprofiler, biobambam2, mtnucratio, picard, prokka, samblaster, samtools, sexdeterrmine, bamtools, jellyfish, vcftools, longranger, stacks, varscan2, bbmap, bismark, biscuit, hicexplorer, hicup, hicpro, salmon, kallisto, slamdunk, star, hisat2, tophat, bowtie2, bowtie1, snpsplit, kat, leehom, adapterRemoval, clipandmerge, cutadapt, flexbar, kaiju, kraken, malt, trimmomatic, sickle, skewer, sortmerna, biobloomtools, fastq_screen, afterqc, fastp, fastqc, pycoqc, minionqc, multivcfanalyzer, clusterflow, bcl2fastq, interop, ivar, flash, seqyclean
[2022-05-11 14:20:44,679] multiqc                                            [DEBUG  ]  Using temporary directory for creating report: /dev/shm/jobs/26764973/tmp7c6ip11m
[2022-05-11 14:20:46,111] multiqc.plots.bargraph                             [DEBUG  ]  Using matplotlib version 3.1.3
[2022-05-11 14:20:46,113] multiqc.plots.linegraph                            [DEBUG  ]  Using matplotlib version 3.1.3
[2022-05-11 14:20:46,115] multiqc                                            [DEBUG  ]  No samples found: custom_content
[2022-05-11 14:20:46,120] multiqc                                            [DEBUG  ]  No samples found: conpair
[2022-05-11 14:20:46,138] multiqc                                            [DEBUG  ]  No samples found: peddy
[2022-05-11 14:20:46,144] multiqc                                            [DEBUG  ]  No samples found: somalier
[2022-05-11 14:20:46,150] multiqc                                            [DEBUG  ]  No samples found: methylQA
[2022-05-11 14:20:46,178] multiqc                                            [DEBUG  ]  No samples found: mosdepth
[2022-05-11 14:20:46,184] multiqc                                            [DEBUG  ]  No samples found: phantompeakqualtools
[2022-05-11 14:20:46,188] multiqc                                            [DEBUG  ]  No samples found: qualimap
[2022-05-11 14:20:46,193] multiqc                                            [DEBUG  ]  No samples found: preseq
[2022-05-11 14:20:46,199] multiqc                                            [DEBUG  ]  No samples found: quast
[2022-05-11 14:20:46,205] multiqc                                            [DEBUG  ]  No samples found: qorts
[2022-05-11 14:20:46,244] multiqc                                            [DEBUG  ]  No samples found: rna_seqc
[2022-05-11 14:20:46,259] multiqc                                            [DEBUG  ]  No samples found: rockhopper
[2022-05-11 14:20:46,313] multiqc                                            [DEBUG  ]  No samples found: rsem
[2022-05-11 14:20:46,326] multiqc                                            [DEBUG  ]  No samples found: rseqc
[2022-05-11 14:20:46,331] multiqc                                            [DEBUG  ]  No samples found: busco
[2022-05-11 14:20:46,337] multiqc                                            [DEBUG  ]  No samples found: goleft_indexcov
[2022-05-11 14:20:46,343] multiqc                                            [DEBUG  ]  No samples found: disambiguate
[2022-05-11 14:20:46,349] multiqc                                            [DEBUG  ]  No samples found: supernova
[2022-05-11 14:20:46,399] multiqc                                            [DEBUG  ]  No samples found: deeptools
[2022-05-11 14:20:46,405] multiqc                                            [DEBUG  ]  No samples found: sargasso
[2022-05-11 14:20:46,411] multiqc                                            [DEBUG  ]  No samples found: verifybamid
[2022-05-11 14:20:46,433] multiqc                                            [DEBUG  ]  No samples found: mirtrace
[2022-05-11 14:20:46,457] multiqc                                            [DEBUG  ]  No samples found: happy
[2022-05-11 14:20:46,478] multiqc                                            [DEBUG  ]  No samples found: mirtop
[2022-05-11 14:20:46,487] multiqc                                            [DEBUG  ]  No samples found: homer
[2022-05-11 14:20:46,511] multiqc                                            [DEBUG  ]  No samples found: macs2
[2022-05-11 14:20:46,517] multiqc                                            [DEBUG  ]  No samples found: theta2
[2022-05-11 14:20:46,522] multiqc                                            [DEBUG  ]  No samples found: snpeff
[2022-05-11 14:20:46,543] multiqc                                            [DEBUG  ]  No samples found: gatk
[2022-05-11 14:20:46,548] multiqc                                            [DEBUG  ]  No samples found: htseq
[2022-05-11 14:20:46,554] multiqc                                            [DEBUG  ]  No samples found: bcftools
[2022-05-11 14:20:46,572] multiqc                                            [DEBUG  ]  No samples found: featureCounts
[2022-05-11 14:20:46,591] multiqc                                            [DEBUG  ]  No samples found: fgbio
[2022-05-11 14:20:46,630] multiqc                                            [DEBUG  ]  No samples found: dragen
[2022-05-11 14:20:46,635] multiqc                                            [DEBUG  ]  No samples found: dedup
[2022-05-11 14:20:46,641] multiqc                                            [DEBUG  ]  No samples found: damageprofiler
[2022-05-11 14:20:46,699] multiqc                                            [DEBUG  ]  No samples found: biobambam2
[2022-05-11 14:20:46,705] multiqc                                            [DEBUG  ]  No samples found: mtnucratio
[2022-05-11 14:20:46,708] multiqc                                            [DEBUG  ]  No samples found: picard
[2022-05-11 14:20:46,713] multiqc                                            [DEBUG  ]  No samples found: prokka
[2022-05-11 14:20:46,718] multiqc                                            [DEBUG  ]  No samples found: samblaster
[2022-05-11 14:20:46,759] multiqc                                            [DEBUG  ]  No samples found: samtools
[2022-05-11 14:20:46,765] multiqc                                            [DEBUG  ]  No samples found: sexdeterrmine
[2022-05-11 14:20:46,771] multiqc                                            [DEBUG  ]  No samples found: bamtools
[2022-05-11 14:20:46,776] multiqc                                            [DEBUG  ]  No samples found: jellyfish
[2022-05-11 14:20:46,784] multiqc                                            [DEBUG  ]  No samples found: vcftools
[2022-05-11 14:20:46,830] multiqc                                            [DEBUG  ]  No samples found: longranger
[2022-05-11 14:20:46,835] multiqc                                            [DEBUG  ]  No samples found: stacks
[2022-05-11 14:20:46,841] multiqc                                            [DEBUG  ]  No samples found: varscan2
[2022-05-11 14:20:46,862] multiqc                                            [DEBUG  ]  No samples found: bbmap
[2022-05-11 14:20:46,869] multiqc                                            [DEBUG  ]  No samples found: bismark
[2022-05-11 14:20:46,875] multiqc                                            [DEBUG  ]  No samples found: biscuit
[2022-05-11 14:20:46,881] multiqc                                            [DEBUG  ]  No samples found: hicexplorer
[2022-05-11 14:20:46,888] multiqc                                            [DEBUG  ]  No samples found: hicup
[2022-05-11 14:20:46,921] multiqc                                            [DEBUG  ]  No samples found: hicpro
[2022-05-11 14:20:46,926] multiqc                                            [DEBUG  ]  No samples found: salmon
[2022-05-11 14:20:46,947] multiqc                                            [DEBUG  ]  No samples found: kallisto
[2022-05-11 14:20:46,953] multiqc                                            [DEBUG  ]  No samples found: slamdunk
[2022-05-11 14:20:46,959] multiqc                                            [DEBUG  ]  No samples found: star
[2022-05-11 14:20:46,987] multiqc                                            [DEBUG  ]  No samples found: hisat2
[2022-05-11 14:20:46,993] multiqc                                            [DEBUG  ]  No samples found: tophat
[2022-05-11 14:20:46,999] multiqc                                            [DEBUG  ]  No samples found: bowtie2
[2022-05-11 14:20:47,020] multiqc                                            [DEBUG  ]  No samples found: bowtie1
[2022-05-11 14:20:47,027] multiqc                                            [DEBUG  ]  No samples found: snpsplit
[2022-05-11 14:20:47,032] multiqc                                            [DEBUG  ]  No samples found: kat
[2022-05-11 14:20:47,038] multiqc                                            [DEBUG  ]  No samples found: leehom
[2022-05-11 14:20:47,044] multiqc                                            [DEBUG  ]  No samples found: adapterRemoval
[2022-05-11 14:20:47,049] multiqc                                            [DEBUG  ]  No samples found: clipandmerge
[2022-05-11 14:20:47,054] multiqc                                            [DEBUG  ]  No samples found: cutadapt
[2022-05-11 14:20:47,060] multiqc                                            [DEBUG  ]  No samples found: flexbar
[2022-05-11 14:20:47,076] multiqc                                            [DEBUG  ]  No samples found: kaiju
[2022-05-11 14:20:47,121] multiqc                                            [DEBUG  ]  No samples found: kraken
[2022-05-11 14:20:47,127] multiqc                                            [DEBUG  ]  No samples found: malt
[2022-05-11 14:20:47,143] multiqc                                            [DEBUG  ]  No samples found: trimmomatic
[2022-05-11 14:20:47,149] multiqc                                            [DEBUG  ]  No samples found: sickle
[2022-05-11 14:20:47,155] multiqc                                            [DEBUG  ]  No samples found: skewer
[2022-05-11 14:20:47,160] multiqc                                            [DEBUG  ]  No samples found: sortmerna
[2022-05-11 14:20:47,166] multiqc                                            [DEBUG  ]  No samples found: biobloomtools
[2022-05-11 14:20:47,184] multiqc                                            [DEBUG  ]  No samples found: fastq_screen
[2022-05-11 14:20:47,208] multiqc                                            [DEBUG  ]  No samples found: afterqc
[2022-05-11 14:20:47,229] multiqc                                            [DEBUG  ]  No samples found: fastp
[2022-05-11 14:20:47,542] multiqc.modules.fastqc.fastqc                      [INFO   ]  Found 6 reports
[2022-05-11 14:20:53,015] multiqc                                            [DEBUG  ]  No samples found: pycoqc
[2022-05-11 14:20:53,022] multiqc                                            [DEBUG  ]  No samples found: minionqc
[2022-05-11 14:20:53,039] multiqc                                            [DEBUG  ]  No samples found: multivcfanalyzer
[2022-05-11 14:20:53,045] multiqc                                            [DEBUG  ]  No samples found: clusterflow
[2022-05-11 14:20:53,051] multiqc                                            [DEBUG  ]  No samples found: bcl2fastq
[2022-05-11 14:20:53,056] multiqc                                            [DEBUG  ]  No samples found: interop
[2022-05-11 14:20:53,062] multiqc                                            [DEBUG  ]  No samples found: ivar
[2022-05-11 14:20:53,084] multiqc                                            [DEBUG  ]  No samples found: flash
[2022-05-11 14:20:53,105] multiqc                                            [DEBUG  ]  No samples found: seqyclean
[2022-05-11 14:20:53,116] multiqc                                            [INFO   ]  Compressing plot data
[2022-05-11 14:20:53,122] multiqc                                            [INFO   ]  Report      : ../results/multiqc_report.html
[2022-05-11 14:20:53,122] multiqc                                            [INFO   ]  Data        : ../results/multiqc_data
[2022-05-11 14:20:53,122] multiqc                                            [DEBUG  ]  Moving data file from '/dev/shm/jobs/26764973/tmp7c6ip11m/multiqc_data' to '../results/multiqc_data'
[2022-05-11 14:20:53,361] multiqc                                            [INFO   ]  MultiQC complete
