[M::bwa_idx_load_from_disk] read 0 ALT contigs
[M::process] read 55364 sequences (6316062 bp)...
[M::mem_pestat] # candidate unique pairs for (FF, FR, RF, RR): (53, 9170, 11397, 55)
[M::mem_pestat] analyzing insert size distribution for orientation FF...
[M::mem_pestat] (25, 50, 75) percentile: (288, 1040, 2367)
[M::mem_pestat] low and high boundaries for computing mean and std.dev: (1, 6525)
[M::mem_pestat] mean and std.dev: (1384.77, 1323.73)
[M::mem_pestat] low and high boundaries for proper pairs: (1, 8604)
[M::mem_pestat] analyzing insert size distribution for orientation FR...
[M::mem_pestat] (25, 50, 75) percentile: (120, 156, 204)
[M::mem_pestat] low and high boundaries for computing mean and std.dev: (1, 372)
[M::mem_pestat] mean and std.dev: (161.74, 65.98)
[M::mem_pestat] low and high boundaries for proper pairs: (1, 456)
[M::mem_pestat] analyzing insert size distribution for orientation RF...
[M::mem_pestat] (25, 50, 75) percentile: (5694, 6287, 7098)
[M::mem_pestat] low and high boundaries for computing mean and std.dev: (2886, 9906)
[M::mem_pestat] mean and std.dev: (6426.30, 992.99)
[M::mem_pestat] low and high boundaries for proper pairs: (1482, 11310)
[M::mem_pestat] analyzing insert size distribution for orientation RR...
[M::mem_pestat] (25, 50, 75) percentile: (596, 1728, 2610)
[M::mem_pestat] low and high boundaries for computing mean and std.dev: (1, 6638)
[M::mem_pestat] mean and std.dev: (1790.64, 1456.98)
[M::mem_pestat] low and high boundaries for proper pairs: (1, 8652)
[M::mem_pestat] skip orientation FF
[M::mem_pestat] skip orientation RR
[M::mem_process_seqs] Processed 55364 reads in 45.420 CPU sec, 5.787 real sec
[main] Version: 0.7.17-r1188
[main] CMD: bwa mem -t 8 /store/lkemp/publicData/b37/human_g1k_v37_decoy.fasta ../results/trimmed/NA24694_1_val_1.fq.gz ../results/trimmed/NA24694_2_val_2.fq.gz
[main] Real time: 9.373 sec; CPU: 48.960 sec
