[M::bwa_idx_load_from_disk] read 0 ALT contigs
[M::process] read 55282 sequences (6273705 bp)...
[M::mem_pestat] # candidate unique pairs for (FF, FR, RF, RR): (77, 9907, 9925, 87)
[M::mem_pestat] analyzing insert size distribution for orientation FF...
[M::mem_pestat] (25, 50, 75) percentile: (354, 919, 2171)
[M::mem_pestat] low and high boundaries for computing mean and std.dev: (1, 5805)
[M::mem_pestat] mean and std.dev: (1380.12, 1294.16)
[M::mem_pestat] low and high boundaries for proper pairs: (1, 7622)
[M::mem_pestat] analyzing insert size distribution for orientation FR...
[M::mem_pestat] (25, 50, 75) percentile: (117, 151, 194)
[M::mem_pestat] low and high boundaries for computing mean and std.dev: (1, 348)
[M::mem_pestat] mean and std.dev: (154.21, 59.65)
[M::mem_pestat] low and high boundaries for proper pairs: (1, 425)
[M::mem_pestat] analyzing insert size distribution for orientation RF...
[M::mem_pestat] (25, 50, 75) percentile: (5790, 6391, 7280)
[M::mem_pestat] low and high boundaries for computing mean and std.dev: (2810, 10260)
[M::mem_pestat] mean and std.dev: (6564.04, 1147.98)
[M::mem_pestat] low and high boundaries for proper pairs: (1320, 11750)
[M::mem_pestat] analyzing insert size distribution for orientation RR...
[M::mem_pestat] (25, 50, 75) percentile: (411, 1145, 2394)
[M::mem_pestat] low and high boundaries for computing mean and std.dev: (1, 6360)
[M::mem_pestat] mean and std.dev: (1429.67, 1277.15)
[M::mem_pestat] low and high boundaries for proper pairs: (1, 8343)
[M::mem_pestat] skip orientation FF
[M::mem_pestat] skip orientation RR
[M::mem_process_seqs] Processed 55282 reads in 55.192 CPU sec, 7.007 real sec
[main] Version: 0.7.17-r1188
[main] CMD: bwa mem -t 8 /store/lkemp/publicData/b37/human_g1k_v37_decoy.fasta ../results/trimmed/NA24631_1_val_1.fq.gz ../results/trimmed/NA24631_2_val_2.fq.gz
[main] Real time: 10.757 sec; CPU: 58.904 sec
