[M::bwa_idx_load_from_disk] read 0 ALT contigs
[M::process] read 47324 sequences (5413485 bp)...
[M::mem_pestat] # candidate unique pairs for (FF, FR, RF, RR): (69, 7019, 10324, 77)
[M::mem_pestat] analyzing insert size distribution for orientation FF...
[M::mem_pestat] (25, 50, 75) percentile: (441, 1364, 2606)
[M::mem_pestat] low and high boundaries for computing mean and std.dev: (1, 6936)
[M::mem_pestat] mean and std.dev: (1580.96, 1452.39)
[M::mem_pestat] low and high boundaries for proper pairs: (1, 9101)
[M::mem_pestat] analyzing insert size distribution for orientation FR...
[M::mem_pestat] (25, 50, 75) percentile: (127, 166, 230)
[M::mem_pestat] low and high boundaries for computing mean and std.dev: (1, 436)
[M::mem_pestat] mean and std.dev: (178.56, 81.72)
[M::mem_pestat] low and high boundaries for proper pairs: (1, 539)
[M::mem_pestat] analyzing insert size distribution for orientation RF...
[M::mem_pestat] (25, 50, 75) percentile: (5818, 6445, 7329)
[M::mem_pestat] low and high boundaries for computing mean and std.dev: (2796, 10351)
[M::mem_pestat] mean and std.dev: (6618.87, 1067.43)
[M::mem_pestat] low and high boundaries for proper pairs: (1285, 11862)
[M::mem_pestat] analyzing insert size distribution for orientation RR...
[M::mem_pestat] (25, 50, 75) percentile: (301, 730, 2194)
[M::mem_pestat] low and high boundaries for computing mean and std.dev: (1, 5980)
[M::mem_pestat] mean and std.dev: (1336.48, 1394.03)
[M::mem_pestat] low and high boundaries for proper pairs: (1, 7873)
[M::mem_pestat] skip orientation FF
[M::mem_pestat] skip orientation RR
[M::mem_process_seqs] Processed 47324 reads in 40.712 CPU sec, 5.196 real sec
[main] Version: 0.7.17-r1188
[main] CMD: bwa mem -t 8 /store/lkemp/publicData/b37/human_g1k_v37_decoy.fasta ../results/trimmed/NA24695_1_val_1.fq.gz ../results/trimmed/NA24695_2_val_2.fq.gz
[main] Real time: 9.067 sec; CPU: 44.544 sec
