Building DAG of jobs...
Using shell: /usr/bin/bash
Provided cores: 8
Rules claiming more threads will be scaled down.
Select jobs to execute...

[Wed May 11 13:47:45 2022]
rule trim_galore:
    input: ../../data/NA24695_1.fastq.gz, ../../data/NA24695_2.fastq.gz
    output: ../results/trimmed/NA24695_1_val_1.fq.gz, ../results/trimmed/NA24695_2_val_2.fq.gz
    log: logs/trim_galore/NA24695.log
    jobid: 0
    wildcards: sample=NA24695
    threads: 2
    resources: mem_mb=1000, disk_mb=1000, tmpdir=/dev/shm/jobs/26764724

Activating environment modules: TrimGalore/0.6.7-gimkl-2020a-Python-3.8.2-Perl-5.30.1

The following modules were not unloaded:
   (Use "module --force purge" to unload all):

  1) XALT/minimal   2) slurm   3) NeSI
[Wed May 11 13:47:54 2022]
Finished job 0.
1 of 1 steps (100%) done
