Building DAG of jobs...
Creating conda environment envs/fastqc.yaml...
Downloading and installing remote packages.
Environment for envs/fastqc.yaml created (location: .snakemake/conda/5844dc31)
Creating conda environment envs/trim_galore.yaml...
Downloading and installing remote packages.
Environment for envs/trim_galore.yaml created (location: .snakemake/conda/f9ae3dc7)
Creating conda environment envs/bwa.yaml...
Downloading and installing remote packages.
Environment for envs/bwa.yaml created (location: .snakemake/conda/71bb0cf6)
Creating conda environment envs/multiqc.yaml...
Downloading and installing remote packages.
Environment for envs/multiqc.yaml created (location: .snakemake/conda/53c4c5f6)
Using shell: /bin/bash
Provided cores: 8
Rules claiming more threads will be scaled down.
Job counts:
	count	jobs
	1	all
	3	bwa
	3	fastqc
	1	multiqc
	3	trim_galore
	11

[Wed Nov 25 14:52:16 2020]
rule trim_galore:
    input: ../../data/NA24631_1.fastq.gz, ../../data/NA24631_2.fastq.gz
    output: ../results/trimmed/NA24631_1_val_1.fq.gz, ../results/trimmed/NA24631_2_val_2.fq.gz
    log: logs/trim_galore/NA24631.log
    jobid: 8
    wildcards: sample=NA24631
    threads: 8

Activating conda environment: /home/lkemp/RezBaz2020_snakemake_workshop/basic_demo_workflow/workflow/.snakemake/conda/f9ae3dc7
[Wed Nov 25 14:52:23 2020]
Finished job 8.
1 of 11 steps (9%) done

[Wed Nov 25 14:52:24 2020]
rule trim_galore:
    input: ../../data/NA24694_1.fastq.gz, ../../data/NA24694_2.fastq.gz
    output: ../results/trimmed/NA24694_1_val_1.fq.gz, ../results/trimmed/NA24694_2_val_2.fq.gz
    log: logs/trim_galore/NA24694.log
    jobid: 6
    wildcards: sample=NA24694
    threads: 8

Activating conda environment: /home/lkemp/RezBaz2020_snakemake_workshop/basic_demo_workflow/workflow/.snakemake/conda/f9ae3dc7
[Wed Nov 25 14:52:31 2020]
Finished job 6.
2 of 11 steps (18%) done

[Wed Nov 25 14:52:31 2020]
rule fastqc:
    input: ../../data/NA24695_1.fastq.gz, ../../data/NA24695_2.fastq.gz
    output: ../results/fastqc/NA24695_1_fastqc.html, ../results/fastqc/NA24695_2_fastqc.html, ../results/fastqc/NA24695_1_fastqc.zip, ../results/fastqc/NA24695_2_fastqc.zip
    log: logs/fastqc/NA24695.log
    jobid: 4
    wildcards: sample=NA24695
    threads: 8

Activating conda environment: /home/lkemp/RezBaz2020_snakemake_workshop/basic_demo_workflow/workflow/.snakemake/conda/5844dc31
[Wed Nov 25 14:52:38 2020]
Finished job 4.
3 of 11 steps (27%) done

[Wed Nov 25 14:52:39 2020]
rule fastqc:
    input: ../../data/NA24694_1.fastq.gz, ../../data/NA24694_2.fastq.gz
    output: ../results/fastqc/NA24694_1_fastqc.html, ../results/fastqc/NA24694_2_fastqc.html, ../results/fastqc/NA24694_1_fastqc.zip, ../results/fastqc/NA24694_2_fastqc.zip
    log: logs/fastqc/NA24694.log
    jobid: 2
    wildcards: sample=NA24694
    threads: 8

Activating conda environment: /home/lkemp/RezBaz2020_snakemake_workshop/basic_demo_workflow/workflow/.snakemake/conda/5844dc31
[Wed Nov 25 14:52:46 2020]
Finished job 2.
4 of 11 steps (36%) done

[Wed Nov 25 14:52:46 2020]
rule bwa:
    input: ../results/trimmed/NA24631_1_val_1.fq.gz, ../results/trimmed/NA24631_2_val_2.fq.gz, /store/lkemp/publicData/b37/human_g1k_v37_decoy.fasta
    output: ../results/mapped/NA24631.bam
    log: logs/bwa_mem/NA24631.log
    jobid: 7
    wildcards: sample=NA24631
    threads: 8

Activating conda environment: /home/lkemp/RezBaz2020_snakemake_workshop/basic_demo_workflow/workflow/.snakemake/conda/71bb0cf6
[Wed Nov 25 14:53:01 2020]
Finished job 7.
5 of 11 steps (45%) done

[Wed Nov 25 14:53:01 2020]
rule bwa:
    input: ../results/trimmed/NA24694_1_val_1.fq.gz, ../results/trimmed/NA24694_2_val_2.fq.gz, /store/lkemp/publicData/b37/human_g1k_v37_decoy.fasta
    output: ../results/mapped/NA24694.bam
    log: logs/bwa_mem/NA24694.log
    jobid: 5
    wildcards: sample=NA24694
    threads: 8

Activating conda environment: /home/lkemp/RezBaz2020_snakemake_workshop/basic_demo_workflow/workflow/.snakemake/conda/71bb0cf6
[Wed Nov 25 14:53:14 2020]
Finished job 5.
6 of 11 steps (55%) done

[Wed Nov 25 14:53:14 2020]
rule trim_galore:
    input: ../../data/NA24695_1.fastq.gz, ../../data/NA24695_2.fastq.gz
    output: ../results/trimmed/NA24695_1_val_1.fq.gz, ../results/trimmed/NA24695_2_val_2.fq.gz
    log: logs/trim_galore/NA24695.log
    jobid: 10
    wildcards: sample=NA24695
    threads: 8

Activating conda environment: /home/lkemp/RezBaz2020_snakemake_workshop/basic_demo_workflow/workflow/.snakemake/conda/f9ae3dc7
[Wed Nov 25 14:53:21 2020]
Finished job 10.
7 of 11 steps (64%) done

[Wed Nov 25 14:53:21 2020]
rule fastqc:
    input: ../../data/NA24631_1.fastq.gz, ../../data/NA24631_2.fastq.gz
    output: ../results/fastqc/NA24631_1_fastqc.html, ../results/fastqc/NA24631_2_fastqc.html, ../results/fastqc/NA24631_1_fastqc.zip, ../results/fastqc/NA24631_2_fastqc.zip
    log: logs/fastqc/NA24631.log
    jobid: 3
    wildcards: sample=NA24631
    threads: 8

Activating conda environment: /home/lkemp/RezBaz2020_snakemake_workshop/basic_demo_workflow/workflow/.snakemake/conda/5844dc31
[Wed Nov 25 14:53:30 2020]
Finished job 3.
8 of 11 steps (73%) done

[Wed Nov 25 14:53:30 2020]
rule bwa:
    input: ../results/trimmed/NA24695_1_val_1.fq.gz, ../results/trimmed/NA24695_2_val_2.fq.gz, /store/lkemp/publicData/b37/human_g1k_v37_decoy.fasta
    output: ../results/mapped/NA24695.bam
    log: logs/bwa_mem/NA24695.log
    jobid: 9
    wildcards: sample=NA24695
    threads: 8

Activating conda environment: /home/lkemp/RezBaz2020_snakemake_workshop/basic_demo_workflow/workflow/.snakemake/conda/71bb0cf6
[Wed Nov 25 14:53:42 2020]
Finished job 9.
9 of 11 steps (82%) done

[Wed Nov 25 14:53:42 2020]
rule multiqc:
    input: ../results/fastqc/NA24694_1_fastqc.zip, ../results/fastqc/NA24631_1_fastqc.zip, ../results/fastqc/NA24695_1_fastqc.zip, ../results/fastqc/NA24694_2_fastqc.zip, ../results/fastqc/NA24631_2_fastqc.zip, ../results/fastqc/NA24695_2_fastqc.zip
    output: ../results/multiqc_report.html
    log: logs/multiqc/multiqc.log
    jobid: 1

Activating conda environment: /home/lkemp/RezBaz2020_snakemake_workshop/basic_demo_workflow/workflow/.snakemake/conda/53c4c5f6
[Wed Nov 25 14:53:50 2020]
Finished job 1.
10 of 11 steps (91%) done

[Wed Nov 25 14:53:50 2020]
localrule all:
    input: ../results/multiqc_report.html, ../results/mapped/NA24694.bam, ../results/mapped/NA24631.bam, ../results/mapped/NA24695.bam
    jobid: 0

[Wed Nov 25 14:53:50 2020]
Finished job 0.
11 of 11 steps (100%) done
Complete log: /home/lkemp/RezBaz2020_snakemake_workshop/basic_demo_workflow/workflow/.snakemake/log/2020-11-25T144928.318580.snakemake.log
