Building DAG of jobs...
Creating conda environment envs/trim_galore.yaml...
Downloading and installing remote packages.
Environment for envs/trim_galore.yaml created (location: .snakemake/conda/d96fc595c2ed2d4b12b2aa4fefda840e)
Using shell: /usr/bin/bash
Provided cores: 2
Rules claiming more threads will be scaled down.
Job stats:
job            count    min threads    max threads
-----------  -------  -------------  -------------
all                1              1              1
fastqc             3              2              2
multiqc            1              1              1
trim_galore        3              2              2
total              8              1              2

Select jobs to execute...

[Wed Sep  1 18:15:05 2021]
rule fastqc:
    input: ../../data/NA24695_1.fastq.gz, ../../data/NA24695_2.fastq.gz
    output: ../results/fastqc/NA24695_1_fastqc.html, ../results/fastqc/NA24695_2_fastqc.html, ../results/fastqc/NA24695_1_fastqc.zip, ../results/fastqc/NA24695_2_fastqc.zip
    log: logs/fastqc/NA24695.log
    jobid: 4
    wildcards: sample=NA24695
    threads: 2
    resources: tmpdir=/tmp

Activating conda environment: /home/lkemp/snakemake_workshop/demo_workflow/workflow/.snakemake/conda/e2d0308d0742a040f972a4db8533f08f
[Wed Sep  1 18:15:11 2021]
Finished job 4.
1 of 8 steps (12%) done
Select jobs to execute...

[Wed Sep  1 18:15:11 2021]
rule fastqc:
    input: ../../data/NA24631_1.fastq.gz, ../../data/NA24631_2.fastq.gz
    output: ../results/fastqc/NA24631_1_fastqc.html, ../results/fastqc/NA24631_2_fastqc.html, ../results/fastqc/NA24631_1_fastqc.zip, ../results/fastqc/NA24631_2_fastqc.zip
    log: logs/fastqc/NA24631.log
    jobid: 2
    wildcards: sample=NA24631
    threads: 2
    resources: tmpdir=/tmp

Activating conda environment: /home/lkemp/snakemake_workshop/demo_workflow/workflow/.snakemake/conda/e2d0308d0742a040f972a4db8533f08f
[Wed Sep  1 18:15:16 2021]
Finished job 2.
2 of 8 steps (25%) done
Select jobs to execute...

[Wed Sep  1 18:15:16 2021]
rule trim_galore:
    input: ../../data/NA24631_1.fastq.gz, ../../data/NA24631_2.fastq.gz
    output: ../results/trimmed/NA24631_1_val_1.fq.gz, ../results/trimmed/NA24631_2_val_2.fq.gz
    log: logs/trim_galore/NA24631.log
    jobid: 5
    wildcards: sample=NA24631
    threads: 2
    resources: tmpdir=/tmp

Activating conda environment: /home/lkemp/snakemake_workshop/demo_workflow/workflow/.snakemake/conda/d96fc595c2ed2d4b12b2aa4fefda840e
[Wed Sep  1 18:15:20 2021]
Finished job 5.
3 of 8 steps (38%) done
Select jobs to execute...

[Wed Sep  1 18:15:20 2021]
rule trim_galore:
    input: ../../data/NA24694_1.fastq.gz, ../../data/NA24694_2.fastq.gz
    output: ../results/trimmed/NA24694_1_val_1.fq.gz, ../results/trimmed/NA24694_2_val_2.fq.gz
    log: logs/trim_galore/NA24694.log
    jobid: 6
    wildcards: sample=NA24694
    threads: 2
    resources: tmpdir=/tmp

Activating conda environment: /home/lkemp/snakemake_workshop/demo_workflow/workflow/.snakemake/conda/d96fc595c2ed2d4b12b2aa4fefda840e
[Wed Sep  1 18:15:24 2021]
Finished job 6.
4 of 8 steps (50%) done
Select jobs to execute...

[Wed Sep  1 18:15:24 2021]
rule trim_galore:
    input: ../../data/NA24695_1.fastq.gz, ../../data/NA24695_2.fastq.gz
    output: ../results/trimmed/NA24695_1_val_1.fq.gz, ../results/trimmed/NA24695_2_val_2.fq.gz
    log: logs/trim_galore/NA24695.log
    jobid: 7
    wildcards: sample=NA24695
    threads: 2
    resources: tmpdir=/tmp

Activating conda environment: /home/lkemp/snakemake_workshop/demo_workflow/workflow/.snakemake/conda/d96fc595c2ed2d4b12b2aa4fefda840e
[Wed Sep  1 18:15:28 2021]
Finished job 7.
5 of 8 steps (62%) done
Select jobs to execute...

[Wed Sep  1 18:15:28 2021]
rule fastqc:
    input: ../../data/NA24694_1.fastq.gz, ../../data/NA24694_2.fastq.gz
    output: ../results/fastqc/NA24694_1_fastqc.html, ../results/fastqc/NA24694_2_fastqc.html, ../results/fastqc/NA24694_1_fastqc.zip, ../results/fastqc/NA24694_2_fastqc.zip
    log: logs/fastqc/NA24694.log
    jobid: 3
    wildcards: sample=NA24694
    threads: 2
    resources: tmpdir=/tmp

Activating conda environment: /home/lkemp/snakemake_workshop/demo_workflow/workflow/.snakemake/conda/e2d0308d0742a040f972a4db8533f08f
[Wed Sep  1 18:15:33 2021]
Finished job 3.
6 of 8 steps (75%) done
Select jobs to execute...

[Wed Sep  1 18:15:33 2021]
rule multiqc:
    input: ../results/fastqc/NA24631_1_fastqc.zip, ../results/fastqc/NA24694_1_fastqc.zip, ../results/fastqc/NA24695_1_fastqc.zip, ../results/fastqc/NA24631_2_fastqc.zip, ../results/fastqc/NA24694_2_fastqc.zip, ../results/fastqc/NA24695_2_fastqc.zip
    output: ../results/multiqc_report.html
    log: logs/multiqc/multiqc.log
    jobid: 1
    resources: tmpdir=/tmp

Activating conda environment: /home/lkemp/snakemake_workshop/demo_workflow/workflow/.snakemake/conda/23b79dd03a8f819ece68cdeb62e20782
[Wed Sep  1 18:15:40 2021]
Finished job 1.
7 of 8 steps (88%) done
Select jobs to execute...

[Wed Sep  1 18:15:40 2021]
localrule all:
    input: ../results/multiqc_report.html, ../results/trimmed/NA24631_1_val_1.fq.gz, ../results/trimmed/NA24694_1_val_1.fq.gz, ../results/trimmed/NA24695_1_val_1.fq.gz, ../results/trimmed/NA24631_2_val_2.fq.gz, ../results/trimmed/NA24694_2_val_2.fq.gz, ../results/trimmed/NA24695_2_val_2.fq.gz
    jobid: 0
    resources: tmpdir=/tmp

[Wed Sep  1 18:15:40 2021]
Finished job 0.
8 of 8 steps (100%) done
Complete log: /home/lkemp/snakemake_workshop/demo_workflow/workflow/.snakemake/log/2021-09-01T181347.359901.snakemake.log
